<?xml version="1.0" encoding="UTF-8"?>
<testng-results ignored="0" total="0" passed="0" failed="0" skipped="0">
  <reporter-output>
  </reporter-output>
  <suite started-at="2020-10-09T23:46:54 IST" name="Suite" finished-at="2020-10-09T23:46:54 IST" duration-ms="40">
    <groups>
    </groups>
    <test started-at="2020-10-09T23:46:54 IST" name="firefox" finished-at="2020-10-09T23:46:54 IST" duration-ms="16">
    </test> <!-- firefox -->
    <test started-at="2020-10-09T23:46:54 IST" name="chrome" finished-at="2020-10-09T23:46:54 IST" duration-ms="40">
    </test> <!-- chrome -->
  </suite> <!-- Suite -->
</testng-results>
